<?xml version="1.0" encoding="UTF-8"?>
<!-- Generated by org.testng.reporters.JUnitReportReporter -->
<testsuite skipped="0" hostname="DESKTOP-SE92N12" name="com.tests.AmazonTest" tests="1" failures="0" timestamp="09 Jul 2022 10:44:49 GMT" time="25.192" errors="0">
  <testcase name="aboutThisItem_test" time="25.192" classname="com.tests.AmazonTest"/>
</testsuite> <!-- com.tests.AmazonTest -->
